Library/Bee/Android/Prj/IL2CPP/Gradle/launcher/build/intermediates/manifest_merge_blame_file/release/manifest-merger-blame-release-report.txt
1<?xml version="1.0" encoding="utf-8"?>
2<manifest xmlns:android="http://schemas.android.com/apk/res/android"
3    package="com.mavdevelopment.grinsjourney"
4    android:installLocation="preferExternal"
5    android:versionCode="2"
6    android:versionName="1.0" >
7
8    <uses-sdk
9        android:minSdkVersion="22"
9-->src\main\AndroidManifest.xml
10        android:targetSdkVersion="32" />
10-->src\main\AndroidManifest.xml
11
12    <supports-screens
12-->src\main\AndroidManifest.xml:3:3-163
13        android:anyDensity="true"
13-->src\main\AndroidManifest.xml:3:135-160
14        android:largeScreens="true"
14-->src\main\AndroidManifest.xml:3:78-105
15        android:normalScreens="true"
15-->src\main\AndroidManifest.xml:3:49-77
16        android:smallScreens="true"
16-->src\main\AndroidManifest.xml:3:21-48
17        android:xlargeScreens="true" />
17-->src\main\AndroidManifest.xml:3:106-134
18
19    <uses-feature android:glEsVersion="0x00030000" />
19-->[:unityLibrary] AndroidManifest.xml:12:5-54
19-->[:unityLibrary] AndroidManifest.xml:12:19-51
20    <uses-feature
20-->[:unityLibrary] AndroidManifest.xml:13:5-15:36
21        android:name="android.hardware.vulkan.version"
21-->[:unityLibrary] AndroidManifest.xml:14:9-55
22        android:required="false" />
22-->[:unityLibrary] AndroidManifest.xml:15:9-33
23    <uses-feature
23-->[:unityLibrary] AndroidManifest.xml:16:5-18:36
24        android:name="android.hardware.touchscreen"
24-->[:unityLibrary] AndroidManifest.xml:17:9-52
25        android:required="false" />
25-->[:unityLibrary] AndroidManifest.xml:18:9-33
26    <uses-feature
26-->[:unityLibrary] AndroidManifest.xml:19:5-21:36
27        android:name="android.hardware.touchscreen.multitouch"
27-->[:unityLibrary] AndroidManifest.xml:20:9-63
28        android:required="false" />
28-->[:unityLibrary] AndroidManifest.xml:21:9-33
29    <uses-feature
29-->[:unityLibrary] AndroidManifest.xml:22:5-24:36
30        android:name="android.hardware.touchscreen.multitouch.distinct"
30-->[:unityLibrary] AndroidManifest.xml:23:9-72
31        android:required="false" />
31-->[:unityLibrary] AndroidManifest.xml:24:9-33
32
33    <uses-permission android:name="android.permission.ACCESS_NETWORK_STATE" />
33-->[:UnityAds:] AndroidManifest.xml:9:5-79
33-->[:UnityAds:] AndroidManifest.xml:9:22-76
34    <uses-permission android:name="android.permission.INTERNET" />
34-->[:UnityAds:] AndroidManifest.xml:10:5-67
34-->[:UnityAds:] AndroidManifest.xml:10:22-64
35    <uses-permission android:name="com.google.android.gms.permission.AD_ID" />
35-->[:UnityAds:] AndroidManifest.xml:11:5-79
35-->[:UnityAds:] AndroidManifest.xml:11:22-76
36
37    <application
37-->src\main\AndroidManifest.xml:4:3-83
38        android:extractNativeLibs="true"
38-->[:unityLibrary] AndroidManifest.xml:26:18-50
39        android:icon="@mipmap/app_icon"
39-->src\main\AndroidManifest.xml:4:49-80
40        android:label="@string/app_name" >
40-->src\main\AndroidManifest.xml:4:16-48
41        <activity
41-->[:unityLibrary] AndroidManifest.xml:27:9-48:20
42            android:name="com.unity3d.player.UnityPlayerActivity"
42-->[:unityLibrary] AndroidManifest.xml:28:13-66
43            android:configChanges="mcc|mnc|locale|touchscreen|keyboard|keyboardHidden|navigation|orientation|screenLayout|uiMode|screenSize|smallestScreenSize|fontScale|layoutDirection|density"
43-->[:unityLibrary] AndroidManifest.xml:29:13-194
44            android:exported="true"
44-->[:unityLibrary] AndroidManifest.xml:30:13-36
45            android:hardwareAccelerated="false"
45-->[:unityLibrary] AndroidManifest.xml:31:13-48
46            android:launchMode="singleTask"
46-->[:unityLibrary] AndroidManifest.xml:32:13-44
47            android:resizeableActivity="false"
47-->[:unityLibrary] AndroidManifest.xml:33:13-47
48            android:screenOrientation="userLandscape"
48-->[:unityLibrary] AndroidManifest.xml:34:13-54
49            android:theme="@style/UnityThemeSelector" >
49-->[:unityLibrary] AndroidManifest.xml:35:13-54
50            <intent-filter>
50-->[:unityLibrary] AndroidManifest.xml:36:13-40:29
51                <action android:name="android.intent.action.MAIN" />
51-->[:unityLibrary] AndroidManifest.xml:37:17-69
51-->[:unityLibrary] AndroidManifest.xml:37:25-66
52
53                <category android:name="android.intent.category.LAUNCHER" />
53-->[:unityLibrary] AndroidManifest.xml:39:17-77
53-->[:unityLibrary] AndroidManifest.xml:39:27-74
54            </intent-filter>
55
56            <meta-data
56-->[:unityLibrary] AndroidManifest.xml:42:13-44:40
57                android:name="unityplayer.UnityActivity"
57-->[:unityLibrary] AndroidManifest.xml:43:17-57
58                android:value="true" />
58-->[:unityLibrary] AndroidManifest.xml:44:17-37
59            <meta-data
59-->[:unityLibrary] AndroidManifest.xml:45:13-47:40
60                android:name="android.notch_support"
60-->[:unityLibrary] AndroidManifest.xml:46:17-53
61                android:value="true" />
61-->[:unityLibrary] AndroidManifest.xml:47:17-37
62        </activity>
63
64        <meta-data
64-->[:unityLibrary] AndroidManifest.xml:50:9-52:33
65            android:name="unity.splash-mode"
65-->[:unityLibrary] AndroidManifest.xml:51:13-45
66            android:value="0" />
66-->[:unityLibrary] AndroidManifest.xml:52:13-30
67        <meta-data
67-->[:unityLibrary] AndroidManifest.xml:53:9-55:36
68            android:name="unity.splash-enable"
68-->[:unityLibrary] AndroidManifest.xml:54:13-47
69            android:value="True" />
69-->[:unityLibrary] AndroidManifest.xml:55:13-33
70        <meta-data
70-->[:unityLibrary] AndroidManifest.xml:56:9-58:36
71            android:name="unity.launch-fullscreen"
71-->[:unityLibrary] AndroidManifest.xml:57:13-51
72            android:value="True" />
72-->[:unityLibrary] AndroidManifest.xml:58:13-33
73        <meta-data
73-->[:unityLibrary] AndroidManifest.xml:59:9-61:37
74            android:name="unity.allow-resizable-window"
74-->[:unityLibrary] AndroidManifest.xml:60:13-56
75            android:value="False" />
75-->[:unityLibrary] AndroidManifest.xml:61:13-34
76        <meta-data
76-->[:unityLibrary] AndroidManifest.xml:62:9-64:50
77            android:name="notch.config"
77-->[:unityLibrary] AndroidManifest.xml:63:13-40
78            android:value="portrait|landscape" />
78-->[:unityLibrary] AndroidManifest.xml:64:13-47
79
80        <activity
80-->[:UnityAds:] AndroidManifest.xml:14:9-18:74
81            android:name="com.unity3d.services.ads.adunit.AdUnitActivity"
81-->[:UnityAds:] AndroidManifest.xml:15:13-74
82            android:configChanges="fontScale|keyboard|keyboardHidden|locale|mnc|mcc|navigation|orientation|screenLayout|screenSize|smallestScreenSize|uiMode|touchscreen"
82-->[:UnityAds:] AndroidManifest.xml:16:13-170
83            android:hardwareAccelerated="true"
83-->[:UnityAds:] AndroidManifest.xml:17:13-47
84            android:theme="@android:style/Theme.NoTitleBar.Fullscreen" />
84-->[:UnityAds:] AndroidManifest.xml:18:13-71
85        <activity
85-->[:UnityAds:] AndroidManifest.xml:19:9-23:86
86            android:name="com.unity3d.services.ads.adunit.AdUnitTransparentActivity"
86-->[:UnityAds:] AndroidManifest.xml:20:13-85
87            android:configChanges="fontScale|keyboard|keyboardHidden|locale|mnc|mcc|navigation|orientation|screenLayout|screenSize|smallestScreenSize|uiMode|touchscreen"
87-->[:UnityAds:] AndroidManifest.xml:21:13-170
88            android:hardwareAccelerated="true"
88-->[:UnityAds:] AndroidManifest.xml:22:13-47
89            android:theme="@android:style/Theme.Translucent.NoTitleBar.Fullscreen" />
89-->[:UnityAds:] AndroidManifest.xml:23:13-83
90        <activity
90-->[:UnityAds:] AndroidManifest.xml:24:9-28:86
91            android:name="com.unity3d.services.ads.adunit.AdUnitTransparentSoftwareActivity"
91-->[:UnityAds:] AndroidManifest.xml:25:13-93
92            android:configChanges="fontScale|keyboard|keyboardHidden|locale|mnc|mcc|navigation|orientation|screenLayout|screenSize|smallestScreenSize|uiMode|touchscreen"
92-->[:UnityAds:] AndroidManifest.xml:26:13-170
93            android:hardwareAccelerated="false"
93-->[:UnityAds:] AndroidManifest.xml:27:13-48
94            android:theme="@android:style/Theme.Translucent.NoTitleBar.Fullscreen" />
94-->[:UnityAds:] AndroidManifest.xml:28:13-83
95        <activity
95-->[:UnityAds:] AndroidManifest.xml:29:9-33:74
96            android:name="com.unity3d.services.ads.adunit.AdUnitSoftwareActivity"
96-->[:UnityAds:] AndroidManifest.xml:30:13-82
97            android:configChanges="fontScale|keyboard|keyboardHidden|locale|mnc|mcc|navigation|orientation|screenLayout|screenSize|smallestScreenSize|uiMode|touchscreen"
97-->[:UnityAds:] AndroidManifest.xml:31:13-170
98            android:hardwareAccelerated="false"
98-->[:UnityAds:] AndroidManifest.xml:32:13-48
99            android:theme="@android:style/Theme.NoTitleBar.Fullscreen" />
99-->[:UnityAds:] AndroidManifest.xml:33:13-71
100    </application>
101
102</manifest>